<?xml version="1.0" encoding="UTF-8"?>
<!-- Generated by org.testng.reporters.JUnitReportReporter -->
<testsuite hostname="DESKTOP-AC0V07V" failures="0" tests="1" name="day1.Wingify" time="4.358" errors="0" timestamp="2024-05-25T11:10:02 IST" skipped="0">
  <testcase classname="day1.Wingify" name="login" time="4.358"/>
</testsuite> <!-- day1.Wingify -->
