<?xml version="1.0" encoding="UTF-8"?>
<!-- Generated by org.testng.reporters.JUnitReportReporter -->
<testsuite hostname="DESKTOP-AC0V07V" failures="0" tests="4" name="day1.WingifyAssignment" time="15.986" errors="0" timestamp="2024-05-25T12:33:27 IST" skipped="0">
  <testcase classname="day1.WingifyAssignment" name="Verifylogincredentials" time="5.141"/>
  <testcase classname="day1.WingifyAssignment" name="Verifylogincredentials" time="3.343"/>
  <testcase classname="day1.WingifyAssignment" name="Verifylogincredentials" time="4.387"/>
  <testcase classname="day1.WingifyAssignment" name="Verifylogincredentials" time="3.115"/>
</testsuite> <!-- day1.WingifyAssignment -->
